2025-11-06 21:11:34.611 [main] INFO  com.itheima.TilasWebManagementApplication-Starting TilasWebManagementApplication using Java 17.0.12 with PID 34016 (C:\Users\16048\Documents\JAVA\web-ai-code\web-ai-project02\tilas-web-management\target\classes started by 16048 in C:\Users\16048\Documents\JAVA\web-ai-code\web-ai-project02)
2025-11-06 21:11:34.614 [main] INFO  com.itheima.TilasWebManagementApplication-No active profile set, falling back to 1 default profile: "default"
2025-11-06 21:11:36.488 [main] INFO  o.s.boot.web.embedded.tomcat.TomcatWebServer-Tomcat initialized with port 8080 (http)
2025-11-06 21:11:36.515 [main] INFO  org.apache.coyote.http11.Http11NioProtocol-Initializing ProtocolHandler ["http-nio-8080"]
2025-11-06 21:11:36.517 [main] INFO  org.apache.catalina.core.StandardService-Starting service [Tomcat]
2025-11-06 21:11:36.517 [main] INFO  org.apache.catalina.core.StandardEngine-Starting Servlet engine: [Apache Tomcat/10.1.48]
2025-11-06 21:11:36.612 [main] INFO  o.a.c.core.ContainerBase.[Tomcat].[localhost].[/]-Initializing Spring embedded WebApplicationContext
2025-11-06 21:11:36.613 [main] INFO  o.s.b.w.s.c.ServletWebServerApplicationContext-Root WebApplicationContext: initialization completed in 1931 ms
2025-11-06 21:11:37.565 [main] INFO  org.apache.coyote.http11.Http11NioProtocol-Starting ProtocolHandler ["http-nio-8080"]
2025-11-06 21:11:37.600 [main] INFO  o.s.boot.web.embedded.tomcat.TomcatWebServer-Tomcat started on port 8080 (http) with context path '/'
2025-11-06 21:11:37.617 [main] INFO  com.itheima.TilasWebManagementApplication-Started TilasWebManagementApplication in 3.713 seconds (process running for 4.942)
2025-11-06 21:12:24.824 [SpringApplicationShutdownHook] INFO  o.s.boot.web.embedded.tomcat.GracefulShutdown-Commencing graceful shutdown. Waiting for active requests to complete
2025-11-06 21:12:25.767 [tomcat-shutdown] INFO  o.s.boot.web.embedded.tomcat.GracefulShutdown-Graceful shutdown complete
2025-11-06 21:36:53.164 [main] INFO  com.itheima.TilasWebManagementApplication-Starting TilasWebManagementApplication using Java 23.0.1 with PID 32836 (C:\Users\16048\Documents\JAVA\web-ai-code\web-ai-project02\tilas-web-management\target\classes started by 16048 in C:\Users\16048\Documents\JAVA\web-ai-code\web-ai-project02\tilas-web-management)
2025-11-06 21:36:53.166 [main] INFO  com.itheima.TilasWebManagementApplication-No active profile set, falling back to 1 default profile: "default"
2025-11-06 21:36:54.884 [main] INFO  o.s.boot.web.embedded.tomcat.TomcatWebServer-Tomcat initialized with port 8080 (http)
2025-11-06 21:36:54.911 [main] INFO  org.apache.coyote.http11.Http11NioProtocol-Initializing ProtocolHandler ["http-nio-8080"]
2025-11-06 21:36:54.914 [main] INFO  org.apache.catalina.core.StandardService-Starting service [Tomcat]
2025-11-06 21:36:54.914 [main] INFO  org.apache.catalina.core.StandardEngine-Starting Servlet engine: [Apache Tomcat/10.1.48]
2025-11-06 21:36:55.014 [main] INFO  o.a.c.core.ContainerBase.[Tomcat].[localhost].[/]-Initializing Spring embedded WebApplicationContext
2025-11-06 21:36:55.014 [main] INFO  o.s.b.w.s.c.ServletWebServerApplicationContext-Root WebApplicationContext: initialization completed in 1752 ms
2025-11-06 21:36:56.089 [main] INFO  org.apache.coyote.http11.Http11NioProtocol-Starting ProtocolHandler ["http-nio-8080"]
2025-11-06 21:36:56.124 [main] INFO  o.s.boot.web.embedded.tomcat.TomcatWebServer-Tomcat started on port 8080 (http) with context path '/'
2025-11-06 21:36:56.138 [main] INFO  com.itheima.TilasWebManagementApplication-Started TilasWebManagementApplication in 3.623 seconds (process running for 4.832)
2025-11-06 21:37:02.610 [http-nio-8080-exec-2] INFO  o.a.c.core.ContainerBase.[Tomcat].[localhost].[/]-Initializing Spring DispatcherServlet 'dispatcherServlet'
2025-11-06 21:37:02.611 [http-nio-8080-exec-2] INFO  org.springframework.web.servlet.DispatcherServlet-Initializing Servlet 'dispatcherServlet'
2025-11-06 21:37:02.613 [http-nio-8080-exec-2] INFO  org.springframework.web.servlet.DispatcherServlet-Completed initialization in 2 ms
2025-11-06 21:37:02.678 [http-nio-8080-exec-1] INFO  com.itheima.controller.DeptController-查询全部的部门数据
2025-11-06 21:37:02.699 [http-nio-8080-exec-2] WARN  o.s.w.s.m.support.DefaultHandlerExceptionResolver-Resolved [org.springframework.web.bind.MissingServletRequestParameterException: Required request parameter '1' for method parameter type Integer is not present]
2025-11-06 21:37:02.723 [http-nio-8080-exec-1] INFO  com.zaxxer.hikari.HikariDataSource-HikariPool-1 - Starting...
2025-11-06 21:37:03.388 [http-nio-8080-exec-1] INFO  com.zaxxer.hikari.pool.HikariPool-HikariPool-1 - Added connection com.mysql.cj.jdbc.ConnectionImpl@53998c92
2025-11-06 21:37:03.392 [http-nio-8080-exec-1] INFO  com.zaxxer.hikari.HikariDataSource-HikariPool-1 - Start completed.
2025-11-06 21:37:05.740 [http-nio-8080-exec-3] INFO  com.itheima.controller.DeptController-查询全部的部门数据
2025-11-06 21:37:06.947 [http-nio-8080-exec-5] INFO  com.itheima.controller.DeptController-查询全部的部门数据
2025-11-06 21:37:06.948 [http-nio-8080-exec-4] WARN  o.s.w.s.m.support.DefaultHandlerExceptionResolver-Resolved [org.springframework.web.bind.MissingServletRequestParameterException: Required request parameter '1' for method parameter type Integer is not present]
2025-11-06 21:38:51.729 [SpringApplicationShutdownHook] INFO  o.s.boot.web.embedded.tomcat.GracefulShutdown-Commencing graceful shutdown. Waiting for active requests to complete
2025-11-06 21:38:51.759 [tomcat-shutdown] INFO  o.s.boot.web.embedded.tomcat.GracefulShutdown-Graceful shutdown complete
2025-11-06 21:38:51.766 [SpringApplicationShutdownHook] INFO  com.zaxxer.hikari.HikariDataSource-HikariPool-1 - Shutdown initiated...
2025-11-06 21:38:51.778 [SpringApplicationShutdownHook] INFO  com.zaxxer.hikari.HikariDataSource-HikariPool-1 - Shutdown completed.
2025-11-06 21:38:58.515 [main] INFO  com.itheima.TilasWebManagementApplication-Starting TilasWebManagementApplication using Java 23.0.1 with PID 21104 (C:\Users\16048\Documents\JAVA\web-ai-code\web-ai-project02\tilas-web-management\target\classes started by 16048 in C:\Users\16048\Documents\JAVA\web-ai-code\web-ai-project02\tilas-web-management)
2025-11-06 21:38:58.519 [main] INFO  com.itheima.TilasWebManagementApplication-No active profile set, falling back to 1 default profile: "default"
2025-11-06 21:39:00.260 [main] INFO  o.s.boot.web.embedded.tomcat.TomcatWebServer-Tomcat initialized with port 8080 (http)
2025-11-06 21:39:00.280 [main] INFO  org.apache.coyote.http11.Http11NioProtocol-Initializing ProtocolHandler ["http-nio-8080"]
2025-11-06 21:39:00.282 [main] INFO  org.apache.catalina.core.StandardService-Starting service [Tomcat]
2025-11-06 21:39:00.282 [main] INFO  org.apache.catalina.core.StandardEngine-Starting Servlet engine: [Apache Tomcat/10.1.48]
2025-11-06 21:39:00.368 [main] INFO  o.a.c.core.ContainerBase.[Tomcat].[localhost].[/]-Initializing Spring embedded WebApplicationContext
2025-11-06 21:39:00.369 [main] INFO  o.s.b.w.s.c.ServletWebServerApplicationContext-Root WebApplicationContext: initialization completed in 1686 ms
2025-11-06 21:39:01.310 [main] INFO  org.apache.coyote.http11.Http11NioProtocol-Starting ProtocolHandler ["http-nio-8080"]
2025-11-06 21:39:01.348 [main] INFO  o.s.boot.web.embedded.tomcat.TomcatWebServer-Tomcat started on port 8080 (http) with context path '/'
2025-11-06 21:39:01.360 [main] INFO  com.itheima.TilasWebManagementApplication-Started TilasWebManagementApplication in 3.514 seconds (process running for 4.814)
2025-11-06 21:39:03.558 [SpringApplicationShutdownHook] INFO  o.s.boot.web.embedded.tomcat.GracefulShutdown-Commencing graceful shutdown. Waiting for active requests to complete
2025-11-06 21:39:03.587 [tomcat-shutdown] INFO  o.s.boot.web.embedded.tomcat.GracefulShutdown-Graceful shutdown complete
2025-11-06 21:39:06.884 [main] INFO  com.itheima.TilasWebManagementApplication-Starting TilasWebManagementApplication using Java 23.0.1 with PID 35276 (C:\Users\16048\Documents\JAVA\web-ai-code\web-ai-project02\tilas-web-management\target\classes started by 16048 in C:\Users\16048\Documents\JAVA\web-ai-code\web-ai-project02\tilas-web-management)
2025-11-06 21:39:06.889 [main] INFO  com.itheima.TilasWebManagementApplication-No active profile set, falling back to 1 default profile: "default"
2025-11-06 21:39:08.675 [main] INFO  o.s.boot.web.embedded.tomcat.TomcatWebServer-Tomcat initialized with port 8080 (http)
2025-11-06 21:39:08.698 [main] INFO  org.apache.coyote.http11.Http11NioProtocol-Initializing ProtocolHandler ["http-nio-8080"]
2025-11-06 21:39:08.703 [main] INFO  org.apache.catalina.core.StandardService-Starting service [Tomcat]
2025-11-06 21:39:08.703 [main] INFO  org.apache.catalina.core.StandardEngine-Starting Servlet engine: [Apache Tomcat/10.1.48]
2025-11-06 21:39:08.786 [main] INFO  o.a.c.core.ContainerBase.[Tomcat].[localhost].[/]-Initializing Spring embedded WebApplicationContext
2025-11-06 21:39:08.786 [main] INFO  o.s.b.w.s.c.ServletWebServerApplicationContext-Root WebApplicationContext: initialization completed in 1793 ms
2025-11-06 21:39:09.728 [main] INFO  org.apache.coyote.http11.Http11NioProtocol-Starting ProtocolHandler ["http-nio-8080"]
2025-11-06 21:39:09.758 [main] INFO  o.s.boot.web.embedded.tomcat.TomcatWebServer-Tomcat started on port 8080 (http) with context path '/'
2025-11-06 21:39:09.772 [main] INFO  com.itheima.TilasWebManagementApplication-Started TilasWebManagementApplication in 3.582 seconds (process running for 4.923)
2025-11-06 21:39:26.442 [http-nio-8080-exec-1] INFO  o.a.c.core.ContainerBase.[Tomcat].[localhost].[/]-Initializing Spring DispatcherServlet 'dispatcherServlet'
2025-11-06 21:39:26.442 [http-nio-8080-exec-1] INFO  org.springframework.web.servlet.DispatcherServlet-Initializing Servlet 'dispatcherServlet'
2025-11-06 21:39:26.442 [http-nio-8080-exec-1] INFO  org.springframework.web.servlet.DispatcherServlet-Completed initialization in 0 ms
2025-11-06 21:39:26.513 [http-nio-8080-exec-1] WARN  o.s.w.s.m.support.DefaultHandlerExceptionResolver-Resolved [org.springframework.web.bind.MissingServletRequestParameterException: Required request parameter '1' for method parameter type Integer is not present]
2025-11-06 21:41:58.785 [SpringApplicationShutdownHook] INFO  o.s.boot.web.embedded.tomcat.GracefulShutdown-Commencing graceful shutdown. Waiting for active requests to complete
2025-11-06 21:41:58.815 [tomcat-shutdown] INFO  o.s.boot.web.embedded.tomcat.GracefulShutdown-Graceful shutdown complete
2025-11-06 21:42:04.219 [main] INFO  com.itheima.TilasWebManagementApplication-Starting TilasWebManagementApplication using Java 23.0.1 with PID 27356 (C:\Users\16048\Documents\JAVA\web-ai-code\web-ai-project02\tilas-web-management\target\classes started by 16048 in C:\Users\16048\Documents\JAVA\web-ai-code\web-ai-project02\tilas-web-management)
2025-11-06 21:42:04.221 [main] INFO  com.itheima.TilasWebManagementApplication-No active profile set, falling back to 1 default profile: "default"
2025-11-06 21:42:05.933 [main] INFO  o.s.boot.web.embedded.tomcat.TomcatWebServer-Tomcat initialized with port 8080 (http)
2025-11-06 21:42:05.955 [main] INFO  org.apache.coyote.http11.Http11NioProtocol-Initializing ProtocolHandler ["http-nio-8080"]
2025-11-06 21:42:05.957 [main] INFO  org.apache.catalina.core.StandardService-Starting service [Tomcat]
2025-11-06 21:42:05.957 [main] INFO  org.apache.catalina.core.StandardEngine-Starting Servlet engine: [Apache Tomcat/10.1.48]
2025-11-06 21:42:06.043 [main] INFO  o.a.c.core.ContainerBase.[Tomcat].[localhost].[/]-Initializing Spring embedded WebApplicationContext
2025-11-06 21:42:06.043 [main] INFO  o.s.b.w.s.c.ServletWebServerApplicationContext-Root WebApplicationContext: initialization completed in 1730 ms
2025-11-06 21:42:07.049 [main] INFO  org.apache.coyote.http11.Http11NioProtocol-Starting ProtocolHandler ["http-nio-8080"]
2025-11-06 21:42:07.081 [main] INFO  o.s.boot.web.embedded.tomcat.TomcatWebServer-Tomcat started on port 8080 (http) with context path '/'
2025-11-06 21:42:07.096 [main] INFO  com.itheima.TilasWebManagementApplication-Started TilasWebManagementApplication in 3.552 seconds (process running for 4.732)
2025-11-06 21:42:11.499 [http-nio-8080-exec-2] INFO  o.a.c.core.ContainerBase.[Tomcat].[localhost].[/]-Initializing Spring DispatcherServlet 'dispatcherServlet'
2025-11-06 21:42:11.499 [http-nio-8080-exec-2] INFO  org.springframework.web.servlet.DispatcherServlet-Initializing Servlet 'dispatcherServlet'
2025-11-06 21:42:11.501 [http-nio-8080-exec-2] INFO  org.springframework.web.servlet.DispatcherServlet-Completed initialization in 2 ms
2025-11-06 21:42:11.574 [http-nio-8080-exec-2] WARN  o.s.w.s.m.support.DefaultHandlerExceptionResolver-Resolved [org.springframework.web.bind.MissingServletRequestParameterException: Required request parameter '1' for method parameter type Integer is not present]
2025-11-06 21:44:39.456 [SpringApplicationShutdownHook] INFO  o.s.boot.web.embedded.tomcat.GracefulShutdown-Commencing graceful shutdown. Waiting for active requests to complete
2025-11-06 21:44:39.483 [tomcat-shutdown] INFO  o.s.boot.web.embedded.tomcat.GracefulShutdown-Graceful shutdown complete
2025-11-06 21:44:45.912 [main] INFO  com.itheima.TilasWebManagementApplication-Starting TilasWebManagementApplication using Java 23.0.1 with PID 9896 (C:\Users\16048\Documents\JAVA\web-ai-code\web-ai-project02\tilas-web-management\target\classes started by 16048 in C:\Users\16048\Documents\JAVA\web-ai-code\web-ai-project02\tilas-web-management)
2025-11-06 21:44:45.915 [main] INFO  com.itheima.TilasWebManagementApplication-No active profile set, falling back to 1 default profile: "default"
2025-11-06 21:44:47.693 [main] INFO  o.s.boot.web.embedded.tomcat.TomcatWebServer-Tomcat initialized with port 8080 (http)
2025-11-06 21:44:47.717 [main] INFO  org.apache.coyote.http11.Http11NioProtocol-Initializing ProtocolHandler ["http-nio-8080"]
2025-11-06 21:44:47.720 [main] INFO  org.apache.catalina.core.StandardService-Starting service [Tomcat]
2025-11-06 21:44:47.722 [main] INFO  org.apache.catalina.core.StandardEngine-Starting Servlet engine: [Apache Tomcat/10.1.48]
2025-11-06 21:44:47.805 [main] INFO  o.a.c.core.ContainerBase.[Tomcat].[localhost].[/]-Initializing Spring embedded WebApplicationContext
2025-11-06 21:44:47.806 [main] INFO  o.s.b.w.s.c.ServletWebServerApplicationContext-Root WebApplicationContext: initialization completed in 1791 ms
2025-11-06 21:44:48.810 [main] INFO  org.apache.coyote.http11.Http11NioProtocol-Starting ProtocolHandler ["http-nio-8080"]
2025-11-06 21:44:48.837 [main] INFO  o.s.boot.web.embedded.tomcat.TomcatWebServer-Tomcat started on port 8080 (http) with context path '/'
2025-11-06 21:44:48.848 [main] INFO  com.itheima.TilasWebManagementApplication-Started TilasWebManagementApplication in 3.629 seconds (process running for 4.83)
2025-11-06 21:44:54.734 [http-nio-8080-exec-1] INFO  o.a.c.core.ContainerBase.[Tomcat].[localhost].[/]-Initializing Spring DispatcherServlet 'dispatcherServlet'
2025-11-06 21:44:54.734 [http-nio-8080-exec-1] INFO  org.springframework.web.servlet.DispatcherServlet-Initializing Servlet 'dispatcherServlet'
2025-11-06 21:44:54.735 [http-nio-8080-exec-1] INFO  org.springframework.web.servlet.DispatcherServlet-Completed initialization in 1 ms
2025-11-06 21:44:54.807 [http-nio-8080-exec-1] WARN  o.s.w.s.m.support.DefaultHandlerExceptionResolver-Resolved [org.springframework.web.bind.MissingServletRequestParameterException: Required request parameter '1' for method parameter type Integer is not present]
2025-11-06 21:46:08.240 [SpringApplicationShutdownHook] INFO  o.s.boot.web.embedded.tomcat.GracefulShutdown-Commencing graceful shutdown. Waiting for active requests to complete
2025-11-06 21:46:08.270 [tomcat-shutdown] INFO  o.s.boot.web.embedded.tomcat.GracefulShutdown-Graceful shutdown complete
2025-11-06 21:46:14.565 [main] INFO  com.itheima.TilasWebManagementApplication-Starting TilasWebManagementApplication using Java 23.0.1 with PID 25108 (C:\Users\16048\Documents\JAVA\web-ai-code\web-ai-project02\tilas-web-management\target\classes started by 16048 in C:\Users\16048\Documents\JAVA\web-ai-code\web-ai-project02\tilas-web-management)
2025-11-06 21:46:14.568 [main] INFO  com.itheima.TilasWebManagementApplication-No active profile set, falling back to 1 default profile: "default"
2025-11-06 21:46:16.300 [main] INFO  o.s.boot.web.embedded.tomcat.TomcatWebServer-Tomcat initialized with port 8080 (http)
2025-11-06 21:46:16.321 [main] INFO  org.apache.coyote.http11.Http11NioProtocol-Initializing ProtocolHandler ["http-nio-8080"]
2025-11-06 21:46:16.325 [main] INFO  org.apache.catalina.core.StandardService-Starting service [Tomcat]
2025-11-06 21:46:16.326 [main] INFO  org.apache.catalina.core.StandardEngine-Starting Servlet engine: [Apache Tomcat/10.1.48]
2025-11-06 21:46:16.395 [main] INFO  o.a.c.core.ContainerBase.[Tomcat].[localhost].[/]-Initializing Spring embedded WebApplicationContext
2025-11-06 21:46:16.395 [main] INFO  o.s.b.w.s.c.ServletWebServerApplicationContext-Root WebApplicationContext: initialization completed in 1727 ms
2025-11-06 21:46:17.278 [main] INFO  org.apache.coyote.http11.Http11NioProtocol-Starting ProtocolHandler ["http-nio-8080"]
2025-11-06 21:46:17.307 [main] INFO  o.s.boot.web.embedded.tomcat.TomcatWebServer-Tomcat started on port 8080 (http) with context path '/'
2025-11-06 21:46:17.317 [main] INFO  com.itheima.TilasWebManagementApplication-Started TilasWebManagementApplication in 3.445 seconds (process running for 4.671)
2025-11-06 21:46:27.445 [http-nio-8080-exec-2] INFO  o.a.c.core.ContainerBase.[Tomcat].[localhost].[/]-Initializing Spring DispatcherServlet 'dispatcherServlet'
2025-11-06 21:46:27.445 [http-nio-8080-exec-2] INFO  org.springframework.web.servlet.DispatcherServlet-Initializing Servlet 'dispatcherServlet'
2025-11-06 21:46:27.446 [http-nio-8080-exec-2] INFO  org.springframework.web.servlet.DispatcherServlet-Completed initialization in 1 ms
2025-11-06 21:46:27.503 [http-nio-8080-exec-2] INFO  com.itheima.controller.DeptController-查询全部的部门数据
2025-11-06 21:46:27.523 [http-nio-8080-exec-1] INFO  com.itheima.controller.EmpController-分页查询:1,10
2025-11-06 21:46:27.539 [http-nio-8080-exec-2] INFO  com.zaxxer.hikari.HikariDataSource-HikariPool-1 - Starting...
2025-11-06 21:46:28.148 [http-nio-8080-exec-2] INFO  com.zaxxer.hikari.pool.HikariPool-HikariPool-1 - Added connection com.mysql.cj.jdbc.ConnectionImpl@7ba850a0
2025-11-06 21:46:28.152 [http-nio-8080-exec-2] INFO  com.zaxxer.hikari.HikariDataSource-HikariPool-1 - Start completed.
2025-11-06 21:46:33.577 [http-nio-8080-exec-3] INFO  com.itheima.controller.EmpController-分页查询:2,10
2025-11-06 21:46:34.328 [http-nio-8080-exec-4] INFO  com.itheima.controller.EmpController-分页查询:3,10
2025-11-06 21:46:36.193 [http-nio-8080-exec-5] INFO  com.itheima.controller.EmpController-分页查询:2,10
2025-11-06 21:46:36.650 [http-nio-8080-exec-10] INFO  com.itheima.controller.EmpController-分页查询:1,10
2025-11-06 21:47:19.989 [http-nio-8080-exec-8] INFO  com.itheima.controller.EmpController-分页查询:1,5
2025-11-06 21:48:04.670 [SpringApplicationShutdownHook] INFO  o.s.boot.web.embedded.tomcat.GracefulShutdown-Commencing graceful shutdown. Waiting for active requests to complete
2025-11-06 21:48:04.701 [tomcat-shutdown] INFO  o.s.boot.web.embedded.tomcat.GracefulShutdown-Graceful shutdown complete
2025-11-06 21:48:04.707 [SpringApplicationShutdownHook] INFO  com.zaxxer.hikari.HikariDataSource-HikariPool-1 - Shutdown initiated...
2025-11-06 21:48:04.721 [SpringApplicationShutdownHook] INFO  com.zaxxer.hikari.HikariDataSource-HikariPool-1 - Shutdown completed.
2025-11-06 21:48:10.387 [main] INFO  com.itheima.TilasWebManagementApplication-Starting TilasWebManagementApplication using Java 23.0.1 with PID 16308 (C:\Users\16048\Documents\JAVA\web-ai-code\web-ai-project02\tilas-web-management\target\classes started by 16048 in C:\Users\16048\Documents\JAVA\web-ai-code\web-ai-project02\tilas-web-management)
2025-11-06 21:48:10.390 [main] INFO  com.itheima.TilasWebManagementApplication-No active profile set, falling back to 1 default profile: "default"
2025-11-06 21:48:12.112 [main] INFO  o.s.boot.web.embedded.tomcat.TomcatWebServer-Tomcat initialized with port 8080 (http)
2025-11-06 21:48:12.137 [main] INFO  org.apache.coyote.http11.Http11NioProtocol-Initializing ProtocolHandler ["http-nio-8080"]
2025-11-06 21:48:12.140 [main] INFO  org.apache.catalina.core.StandardService-Starting service [Tomcat]
2025-11-06 21:48:12.140 [main] INFO  org.apache.catalina.core.StandardEngine-Starting Servlet engine: [Apache Tomcat/10.1.48]
2025-11-06 21:48:12.222 [main] INFO  o.a.c.core.ContainerBase.[Tomcat].[localhost].[/]-Initializing Spring embedded WebApplicationContext
2025-11-06 21:48:12.223 [main] INFO  o.s.b.w.s.c.ServletWebServerApplicationContext-Root WebApplicationContext: initialization completed in 1729 ms
2025-11-06 21:48:13.233 [main] INFO  org.apache.coyote.http11.Http11NioProtocol-Starting ProtocolHandler ["http-nio-8080"]
2025-11-06 21:48:13.263 [main] INFO  o.s.boot.web.embedded.tomcat.TomcatWebServer-Tomcat started on port 8080 (http) with context path '/'
2025-11-06 21:48:13.278 [main] INFO  com.itheima.TilasWebManagementApplication-Started TilasWebManagementApplication in 3.529 seconds (process running for 4.805)
2025-11-06 21:48:45.077 [SpringApplicationShutdownHook] INFO  o.s.boot.web.embedded.tomcat.GracefulShutdown-Commencing graceful shutdown. Waiting for active requests to complete
2025-11-06 21:48:45.104 [tomcat-shutdown] INFO  o.s.boot.web.embedded.tomcat.GracefulShutdown-Graceful shutdown complete
