2025-11-10 10:11:49.933 [main] INFO  com.itheima.TilasWebManagementApplication-Starting TilasWebManagementApplication using Java 23.0.1 with PID 10352 (C:\Users\16048\Documents\JAVA\web-ai-code\web-ai-project02\tilas-web-management\target\classes started by 16048 in C:\Users\16048\Documents\JAVA\web-ai-code\web-ai-project02\tilas-web-management)
2025-11-10 10:11:49.935 [main] INFO  com.itheima.TilasWebManagementApplication-No active profile set, falling back to 1 default profile: "default"
2025-11-10 10:11:51.656 [main] INFO  o.s.boot.web.embedded.tomcat.TomcatWebServer-Tomcat initialized with port 8080 (http)
2025-11-10 10:11:51.686 [main] INFO  org.apache.coyote.http11.Http11NioProtocol-Initializing ProtocolHandler ["http-nio-8080"]
2025-11-10 10:11:51.689 [main] INFO  org.apache.catalina.core.StandardService-Starting service [Tomcat]
2025-11-10 10:11:51.689 [main] INFO  org.apache.catalina.core.StandardEngine-Starting Servlet engine: [Apache Tomcat/10.1.48]
2025-11-10 10:11:51.783 [main] INFO  o.a.c.core.ContainerBase.[Tomcat].[localhost].[/]-Initializing Spring embedded WebApplicationContext
2025-11-10 10:11:51.787 [main] INFO  o.s.b.w.s.c.ServletWebServerApplicationContext-Root WebApplicationContext: initialization completed in 1748 ms
2025-11-10 10:11:53.051 [main] INFO  org.apache.coyote.http11.Http11NioProtocol-Starting ProtocolHandler ["http-nio-8080"]
2025-11-10 10:11:53.105 [main] INFO  o.s.boot.web.embedded.tomcat.TomcatWebServer-Tomcat started on port 8080 (http) with context path '/'
2025-11-10 10:11:53.114 [main] INFO  com.itheima.TilasWebManagementApplication-Started TilasWebManagementApplication in 3.908 seconds (process running for 5.251)
2025-11-10 10:12:10.159 [http-nio-8080-exec-1] INFO  o.a.c.core.ContainerBase.[Tomcat].[localhost].[/]-Initializing Spring DispatcherServlet 'dispatcherServlet'
2025-11-10 10:12:10.159 [http-nio-8080-exec-1] INFO  org.springframework.web.servlet.DispatcherServlet-Initializing Servlet 'dispatcherServlet'
2025-11-10 10:12:10.159 [http-nio-8080-exec-1] INFO  org.springframework.web.servlet.DispatcherServlet-Completed initialization in 0 ms
2025-11-10 10:12:10.349 [http-nio-8080-exec-1] INFO  com.itheima.controller.LoginController-员工登录：Emp(id=null, username=songjiang, password=123456, name=null, gender=null, phone=null, job=null, salary=null, image=null, entryDate=null, deptId=null, createTime=null, updateTime=null, deptName=null, exprList=null)
2025-11-10 10:12:10.399 [http-nio-8080-exec-1] INFO  com.zaxxer.hikari.HikariDataSource-HikariPool-1 - Starting...
2025-11-10 10:12:11.305 [http-nio-8080-exec-1] INFO  com.zaxxer.hikari.pool.HikariPool-HikariPool-1 - Added connection com.mysql.cj.jdbc.ConnectionImpl@4f6c00cb
2025-11-10 10:12:11.311 [http-nio-8080-exec-1] INFO  com.zaxxer.hikari.HikariDataSource-HikariPool-1 - Start completed.
2025-11-10 10:18:16.377 [HikariPool-1 housekeeper] WARN  com.zaxxer.hikari.pool.HikariPool-HikariPool-1 - Thread starvation or clock leap detected (housekeeper delta=5m34s939ms1µs700ns).
2025-11-10 10:19:51.001 [SpringApplicationShutdownHook] INFO  o.s.boot.web.embedded.tomcat.GracefulShutdown-Commencing graceful shutdown. Waiting for active requests to complete
2025-11-10 10:19:51.032 [tomcat-shutdown] INFO  o.s.boot.web.embedded.tomcat.GracefulShutdown-Graceful shutdown complete
2025-11-10 10:19:51.041 [SpringApplicationShutdownHook] INFO  com.zaxxer.hikari.HikariDataSource-HikariPool-1 - Shutdown initiated...
2025-11-10 10:19:51.081 [SpringApplicationShutdownHook] INFO  com.zaxxer.hikari.HikariDataSource-HikariPool-1 - Shutdown completed.
2025-11-10 10:19:56.812 [main] INFO  com.itheima.TilasWebManagementApplication-Starting TilasWebManagementApplication using Java 23.0.1 with PID 23416 (C:\Users\16048\Documents\JAVA\web-ai-code\web-ai-project02\tilas-web-management\target\classes started by 16048 in C:\Users\16048\Documents\JAVA\web-ai-code\web-ai-project02\tilas-web-management)
2025-11-10 10:19:56.814 [main] INFO  com.itheima.TilasWebManagementApplication-No active profile set, falling back to 1 default profile: "default"
2025-11-10 10:19:58.391 [main] INFO  o.s.boot.web.embedded.tomcat.TomcatWebServer-Tomcat initialized with port 8080 (http)
2025-11-10 10:19:58.410 [main] INFO  org.apache.coyote.http11.Http11NioProtocol-Initializing ProtocolHandler ["http-nio-8080"]
2025-11-10 10:19:58.412 [main] INFO  org.apache.catalina.core.StandardService-Starting service [Tomcat]
2025-11-10 10:19:58.412 [main] INFO  org.apache.catalina.core.StandardEngine-Starting Servlet engine: [Apache Tomcat/10.1.48]
2025-11-10 10:19:58.478 [main] INFO  o.a.c.core.ContainerBase.[Tomcat].[localhost].[/]-Initializing Spring embedded WebApplicationContext
2025-11-10 10:19:58.478 [main] INFO  o.s.b.w.s.c.ServletWebServerApplicationContext-Root WebApplicationContext: initialization completed in 1585 ms
2025-11-10 10:19:59.710 [main] INFO  org.apache.coyote.http11.Http11NioProtocol-Starting ProtocolHandler ["http-nio-8080"]
2025-11-10 10:19:59.739 [main] INFO  o.s.boot.web.embedded.tomcat.TomcatWebServer-Tomcat started on port 8080 (http) with context path '/'
2025-11-10 10:19:59.750 [main] INFO  com.itheima.TilasWebManagementApplication-Started TilasWebManagementApplication in 3.509 seconds (process running for 4.582)
2025-11-10 10:20:02.011 [http-nio-8080-exec-1] INFO  o.a.c.core.ContainerBase.[Tomcat].[localhost].[/]-Initializing Spring DispatcherServlet 'dispatcherServlet'
2025-11-10 10:20:02.012 [http-nio-8080-exec-1] INFO  org.springframework.web.servlet.DispatcherServlet-Initializing Servlet 'dispatcherServlet'
2025-11-10 10:20:02.014 [http-nio-8080-exec-1] INFO  org.springframework.web.servlet.DispatcherServlet-Completed initialization in 2 ms
2025-11-10 10:20:02.161 [http-nio-8080-exec-1] INFO  com.itheima.controller.LoginController-员工登录：Emp(id=null, username=songjiang, password=123456, name=null, gender=null, phone=null, job=null, salary=null, image=null, entryDate=null, deptId=null, createTime=null, updateTime=null, deptName=null, exprList=null)
2025-11-10 10:20:02.211 [http-nio-8080-exec-1] INFO  com.zaxxer.hikari.HikariDataSource-HikariPool-1 - Starting...
2025-11-10 10:20:02.751 [http-nio-8080-exec-1] INFO  com.zaxxer.hikari.pool.HikariPool-HikariPool-1 - Added connection com.mysql.cj.jdbc.ConnectionImpl@54ac373d
2025-11-10 10:20:02.754 [http-nio-8080-exec-1] INFO  com.zaxxer.hikari.HikariDataSource-HikariPool-1 - Start completed.
2025-11-10 10:20:02.854 [http-nio-8080-exec-1] INFO  com.itheima.controller.LoginController-登录成功：LoginInfo(id=2, username=songjiang, name=宋江, token=null)
2025-11-10 10:25:33.267 [SpringApplicationShutdownHook] INFO  o.s.boot.web.embedded.tomcat.GracefulShutdown-Commencing graceful shutdown. Waiting for active requests to complete
2025-11-10 10:25:33.292 [tomcat-shutdown] INFO  o.s.boot.web.embedded.tomcat.GracefulShutdown-Graceful shutdown complete
2025-11-10 10:25:33.307 [SpringApplicationShutdownHook] INFO  com.zaxxer.hikari.HikariDataSource-HikariPool-1 - Shutdown initiated...
2025-11-10 10:25:33.323 [SpringApplicationShutdownHook] INFO  com.zaxxer.hikari.HikariDataSource-HikariPool-1 - Shutdown completed.
2025-11-10 10:25:36.705 [main] INFO  com.itheima.TilasWebManagementApplication-Starting TilasWebManagementApplication using Java 23.0.1 with PID 7028 (C:\Users\16048\Documents\JAVA\web-ai-code\web-ai-project02\tilas-web-management\target\classes started by 16048 in C:\Users\16048\Documents\JAVA\web-ai-code\web-ai-project02\tilas-web-management)
2025-11-10 10:25:36.705 [main] INFO  com.itheima.TilasWebManagementApplication-No active profile set, falling back to 1 default profile: "default"
2025-11-10 10:25:38.178 [main] INFO  o.s.boot.web.embedded.tomcat.TomcatWebServer-Tomcat initialized with port 8080 (http)
2025-11-10 10:25:38.186 [main] INFO  org.apache.coyote.http11.Http11NioProtocol-Initializing ProtocolHandler ["http-nio-8080"]
2025-11-10 10:25:38.186 [main] INFO  org.apache.catalina.core.StandardService-Starting service [Tomcat]
2025-11-10 10:25:38.202 [main] INFO  org.apache.catalina.core.StandardEngine-Starting Servlet engine: [Apache Tomcat/10.1.48]
2025-11-10 10:25:38.297 [main] INFO  o.a.c.core.ContainerBase.[Tomcat].[localhost].[/]-Initializing Spring embedded WebApplicationContext
2025-11-10 10:25:38.297 [main] INFO  o.s.b.w.s.c.ServletWebServerApplicationContext-Root WebApplicationContext: initialization completed in 1497 ms
2025-11-10 10:25:39.502 [main] INFO  org.apache.coyote.http11.Http11NioProtocol-Starting ProtocolHandler ["http-nio-8080"]
2025-11-10 10:25:39.532 [main] INFO  o.s.boot.web.embedded.tomcat.TomcatWebServer-Tomcat started on port 8080 (http) with context path '/'
2025-11-10 10:25:39.532 [main] INFO  com.itheima.TilasWebManagementApplication-Started TilasWebManagementApplication in 3.41 seconds (process running for 4.455)
2025-11-10 10:26:09.261 [http-nio-8080-exec-1] INFO  o.a.c.core.ContainerBase.[Tomcat].[localhost].[/]-Initializing Spring DispatcherServlet 'dispatcherServlet'
2025-11-10 10:26:09.262 [http-nio-8080-exec-1] INFO  org.springframework.web.servlet.DispatcherServlet-Initializing Servlet 'dispatcherServlet'
2025-11-10 10:26:09.263 [http-nio-8080-exec-1] INFO  org.springframework.web.servlet.DispatcherServlet-Completed initialization in 1 ms
2025-11-10 10:26:09.412 [http-nio-8080-exec-1] INFO  com.itheima.controller.LoginController-员工登录：Emp(id=null, username=33, password=33, name=null, gender=null, phone=null, job=null, salary=null, image=null, entryDate=null, deptId=null, createTime=null, updateTime=null, deptName=null, exprList=null)
2025-11-10 10:26:09.457 [http-nio-8080-exec-1] INFO  com.zaxxer.hikari.HikariDataSource-HikariPool-1 - Starting...
2025-11-10 10:26:09.958 [http-nio-8080-exec-1] INFO  com.zaxxer.hikari.pool.HikariPool-HikariPool-1 - Added connection com.mysql.cj.jdbc.ConnectionImpl@66326140
2025-11-10 10:26:09.961 [http-nio-8080-exec-1] INFO  com.zaxxer.hikari.HikariDataSource-HikariPool-1 - Start completed.
2025-11-10 10:26:15.307 [http-nio-8080-exec-2] INFO  com.itheima.controller.LoginController-员工登录：Emp(id=null, username=songjiang, password=33, name=null, gender=null, phone=null, job=null, salary=null, image=null, entryDate=null, deptId=null, createTime=null, updateTime=null, deptName=null, exprList=null)
2025-11-10 10:26:18.708 [http-nio-8080-exec-3] INFO  com.itheima.controller.LoginController-员工登录：Emp(id=null, username=songjiang, password=123456, name=null, gender=null, phone=null, job=null, salary=null, image=null, entryDate=null, deptId=null, createTime=null, updateTime=null, deptName=null, exprList=null)
2025-11-10 10:26:18.723 [http-nio-8080-exec-3] INFO  com.itheima.controller.LoginController-登录成功：LoginInfo(id=2, username=songjiang, name=宋江, token=null)
2025-11-10 10:48:53.216 [HikariPool-1 housekeeper] WARN  com.zaxxer.hikari.pool.HikariPool-HikariPool-1 - Thread starvation or clock leap detected (housekeeper delta=8m12s889ms51µs400ns).
2025-11-10 11:00:39.231 [HikariPool-1 housekeeper] WARN  com.zaxxer.hikari.pool.HikariPool-HikariPool-1 - Thread starvation or clock leap detected (housekeeper delta=6m15s951ms840µs200ns).
2025-11-10 11:24:06.403 [HikariPool-1 housekeeper] WARN  com.zaxxer.hikari.pool.HikariPool-HikariPool-1 - Thread starvation or clock leap detected (housekeeper delta=20m27s127ms921µs300ns).
2025-11-10 11:27:00.248 [SpringApplicationShutdownHook] INFO  o.s.boot.web.embedded.tomcat.GracefulShutdown-Commencing graceful shutdown. Waiting for active requests to complete
2025-11-10 11:27:00.276 [tomcat-shutdown] INFO  o.s.boot.web.embedded.tomcat.GracefulShutdown-Graceful shutdown complete
2025-11-10 11:27:00.282 [SpringApplicationShutdownHook] INFO  com.zaxxer.hikari.HikariDataSource-HikariPool-1 - Shutdown initiated...
2025-11-10 11:27:00.291 [SpringApplicationShutdownHook] INFO  com.zaxxer.hikari.HikariDataSource-HikariPool-1 - Shutdown completed.
2025-11-10 11:27:07.602 [main] INFO  com.itheima.TilasWebManagementApplication-Starting TilasWebManagementApplication using Java 23.0.1 with PID 8956 (C:\Users\16048\Documents\JAVA\web-ai-code\web-ai-project02\tilas-web-management\target\classes started by 16048 in C:\Users\16048\Documents\JAVA\web-ai-code\web-ai-project02\tilas-web-management)
2025-11-10 11:27:07.605 [main] INFO  com.itheima.TilasWebManagementApplication-No active profile set, falling back to 1 default profile: "default"
2025-11-10 11:27:09.364 [main] INFO  o.s.boot.web.embedded.tomcat.TomcatWebServer-Tomcat initialized with port 8080 (http)
2025-11-10 11:27:09.388 [main] INFO  org.apache.coyote.http11.Http11NioProtocol-Initializing ProtocolHandler ["http-nio-8080"]
2025-11-10 11:27:09.392 [main] INFO  org.apache.catalina.core.StandardService-Starting service [Tomcat]
2025-11-10 11:27:09.392 [main] INFO  org.apache.catalina.core.StandardEngine-Starting Servlet engine: [Apache Tomcat/10.1.48]
2025-11-10 11:27:09.501 [main] INFO  o.a.c.core.ContainerBase.[Tomcat].[localhost].[/]-Initializing Spring embedded WebApplicationContext
2025-11-10 11:27:09.502 [main] INFO  o.s.b.w.s.c.ServletWebServerApplicationContext-Root WebApplicationContext: initialization completed in 1804 ms
2025-11-10 11:27:10.771 [main] INFO  org.apache.coyote.http11.Http11NioProtocol-Starting ProtocolHandler ["http-nio-8080"]
2025-11-10 11:27:10.818 [main] INFO  o.s.boot.web.embedded.tomcat.TomcatWebServer-Tomcat started on port 8080 (http) with context path '/'
2025-11-10 11:27:10.858 [main] INFO  com.itheima.TilasWebManagementApplication-Started TilasWebManagementApplication in 3.923 seconds (process running for 6.178)
2025-11-10 15:15:24.982 [SpringApplicationShutdownHook] INFO  o.s.boot.web.embedded.tomcat.GracefulShutdown-Commencing graceful shutdown. Waiting for active requests to complete
2025-11-10 15:15:25.005 [tomcat-shutdown] INFO  o.s.boot.web.embedded.tomcat.GracefulShutdown-Graceful shutdown complete
2025-11-10 15:15:32.019 [main] INFO  com.itheima.TilasWebManagementApplication-Starting TilasWebManagementApplication using Java 23.0.1 with PID 19244 (C:\Users\16048\Documents\JAVA\web-ai-code\web-ai-project02\tilas-web-management\target\classes started by 16048 in C:\Users\16048\Documents\JAVA\web-ai-code\web-ai-project02\tilas-web-management)
2025-11-10 15:15:32.023 [main] INFO  com.itheima.TilasWebManagementApplication-No active profile set, falling back to 1 default profile: "default"
2025-11-10 15:15:34.054 [main] INFO  o.s.boot.web.embedded.tomcat.TomcatWebServer-Tomcat initialized with port 8080 (http)
2025-11-10 15:15:34.081 [main] INFO  org.apache.coyote.http11.Http11NioProtocol-Initializing ProtocolHandler ["http-nio-8080"]
2025-11-10 15:15:34.083 [main] INFO  org.apache.catalina.core.StandardService-Starting service [Tomcat]
2025-11-10 15:15:34.084 [main] INFO  org.apache.catalina.core.StandardEngine-Starting Servlet engine: [Apache Tomcat/10.1.48]
2025-11-10 15:15:34.195 [main] INFO  o.a.c.core.ContainerBase.[Tomcat].[localhost].[/]-Initializing Spring embedded WebApplicationContext
2025-11-10 15:15:34.195 [main] INFO  o.s.b.w.s.c.ServletWebServerApplicationContext-Root WebApplicationContext: initialization completed in 2076 ms
2025-11-10 15:15:35.762 [main] INFO  org.apache.coyote.http11.Http11NioProtocol-Starting ProtocolHandler ["http-nio-8080"]
2025-11-10 15:15:35.824 [main] INFO  o.s.boot.web.embedded.tomcat.TomcatWebServer-Tomcat started on port 8080 (http) with context path '/'
2025-11-10 15:15:35.835 [main] INFO  com.itheima.TilasWebManagementApplication-Started TilasWebManagementApplication in 4.511 seconds (process running for 6.226)
2025-11-10 15:15:42.008 [http-nio-8080-exec-1] INFO  o.a.c.core.ContainerBase.[Tomcat].[localhost].[/]-Initializing Spring DispatcherServlet 'dispatcherServlet'
2025-11-10 15:15:42.008 [http-nio-8080-exec-1] INFO  org.springframework.web.servlet.DispatcherServlet-Initializing Servlet 'dispatcherServlet'
2025-11-10 15:15:42.008 [http-nio-8080-exec-1] INFO  org.springframework.web.servlet.DispatcherServlet-Completed initialization in 0 ms
2025-11-10 15:15:42.247 [http-nio-8080-exec-1] INFO  com.itheima.controller.LoginController-员工登录：Emp(id=null, username=songjiang, password=123456, name=null, gender=null, phone=null, job=null, salary=null, image=null, entryDate=null, deptId=null, createTime=null, updateTime=null, deptName=null, exprList=null)
2025-11-10 15:15:42.304 [http-nio-8080-exec-1] INFO  com.zaxxer.hikari.HikariDataSource-HikariPool-1 - Starting...
2025-11-10 15:15:43.040 [http-nio-8080-exec-1] INFO  com.zaxxer.hikari.pool.HikariPool-HikariPool-1 - Added connection com.mysql.cj.jdbc.ConnectionImpl@2bd3ee4a
2025-11-10 15:15:43.040 [http-nio-8080-exec-1] INFO  com.zaxxer.hikari.HikariDataSource-HikariPool-1 - Start completed.
2025-11-10 15:15:43.253 [http-nio-8080-exec-1] INFO  com.itheima.controller.LoginController-登录成功：LoginInfo(id=2, username=songjiang, name=宋江, token=eyJhbGciOiJIUzI1NiJ9.eyJpZCI6MiwidXNlcm5hbWUiOiJzb25namlhbmciLCJleHAiOjE3NjI4MDIxNDN9.tUdVLNWBKNFzF-h-OYPvcZof2tK5_Ds7XbSmxkq8M8A)
2025-11-10 17:23:07.048 [HikariPool-1 housekeeper] WARN  com.zaxxer.hikari.pool.HikariPool-HikariPool-1 - Thread starvation or clock leap detected (housekeeper delta=2h6m53s881ms968µs300ns).
2025-11-10 19:49:01.824 [SpringApplicationShutdownHook] INFO  o.s.boot.web.embedded.tomcat.GracefulShutdown-Commencing graceful shutdown. Waiting for active requests to complete
2025-11-10 19:49:01.853 [tomcat-shutdown] INFO  o.s.boot.web.embedded.tomcat.GracefulShutdown-Graceful shutdown complete
2025-11-10 19:49:01.863 [SpringApplicationShutdownHook] INFO  com.zaxxer.hikari.HikariDataSource-HikariPool-1 - Shutdown initiated...
2025-11-10 19:49:01.868 [SpringApplicationShutdownHook] INFO  com.zaxxer.hikari.HikariDataSource-HikariPool-1 - Shutdown completed.
2025-11-10 19:49:08.934 [main] INFO  com.itheima.TilasWebManagementApplication-Starting TilasWebManagementApplication using Java 23.0.1 with PID 27500 (C:\Users\16048\Documents\JAVA\web-ai-code\web-ai-project02\tilas-web-management\target\classes started by 16048 in C:\Users\16048\Documents\JAVA\web-ai-code\web-ai-project02\tilas-web-management)
2025-11-10 19:49:08.938 [main] INFO  com.itheima.TilasWebManagementApplication-No active profile set, falling back to 1 default profile: "default"
2025-11-10 19:49:11.006 [main] INFO  o.s.boot.web.embedded.tomcat.TomcatWebServer-Tomcat initialized with port 8080 (http)
2025-11-10 19:49:11.034 [main] INFO  org.apache.coyote.http11.Http11NioProtocol-Initializing ProtocolHandler ["http-nio-8080"]
2025-11-10 19:49:11.038 [main] INFO  org.apache.catalina.core.StandardService-Starting service [Tomcat]
2025-11-10 19:49:11.038 [main] INFO  org.apache.catalina.core.StandardEngine-Starting Servlet engine: [Apache Tomcat/10.1.48]
2025-11-10 19:49:11.147 [main] INFO  o.a.c.core.ContainerBase.[Tomcat].[localhost].[/]-Initializing Spring embedded WebApplicationContext
2025-11-10 19:49:11.148 [main] INFO  o.s.b.w.s.c.ServletWebServerApplicationContext-Root WebApplicationContext: initialization completed in 2099 ms
2025-11-10 19:49:12.783 [main] INFO  org.apache.coyote.http11.Http11NioProtocol-Starting ProtocolHandler ["http-nio-8080"]
2025-11-10 19:49:12.818 [main] INFO  o.s.boot.web.embedded.tomcat.TomcatWebServer-Tomcat started on port 8080 (http) with context path '/'
2025-11-10 19:49:12.832 [main] INFO  com.itheima.TilasWebManagementApplication-Started TilasWebManagementApplication in 4.717 seconds (process running for 6.538)
2025-11-10 19:49:27.718 [http-nio-8080-exec-1] INFO  o.a.c.core.ContainerBase.[Tomcat].[localhost].[/]-Initializing Spring DispatcherServlet 'dispatcherServlet'
2025-11-10 19:49:27.719 [http-nio-8080-exec-1] INFO  org.springframework.web.servlet.DispatcherServlet-Initializing Servlet 'dispatcherServlet'
2025-11-10 19:49:27.720 [http-nio-8080-exec-1] INFO  org.springframework.web.servlet.DispatcherServlet-Completed initialization in 1 ms
2025-11-10 20:46:11.453 [SpringApplicationShutdownHook] INFO  o.s.boot.web.embedded.tomcat.GracefulShutdown-Commencing graceful shutdown. Waiting for active requests to complete
2025-11-10 20:46:11.491 [tomcat-shutdown] INFO  o.s.boot.web.embedded.tomcat.GracefulShutdown-Graceful shutdown complete
2025-11-10 20:47:02.431 [main] INFO  com.itheima.TilasWebManagementApplication-Starting TilasWebManagementApplication using Java 23.0.1 with PID 25428 (C:\Users\16048\Documents\JAVA\web-ai-code\web-ai-project02\tilas-web-management\target\classes started by 16048 in C:\Users\16048\Documents\JAVA\web-ai-code\web-ai-project02\tilas-web-management)
2025-11-10 20:47:02.434 [main] INFO  com.itheima.TilasWebManagementApplication-No active profile set, falling back to 1 default profile: "default"
2025-11-10 20:47:04.286 [main] INFO  o.s.boot.web.embedded.tomcat.TomcatWebServer-Tomcat initialized with port 8080 (http)
2025-11-10 20:47:04.311 [main] INFO  org.apache.coyote.http11.Http11NioProtocol-Initializing ProtocolHandler ["http-nio-8080"]
2025-11-10 20:47:04.314 [main] INFO  org.apache.catalina.core.StandardService-Starting service [Tomcat]
2025-11-10 20:47:04.315 [main] INFO  org.apache.catalina.core.StandardEngine-Starting Servlet engine: [Apache Tomcat/10.1.48]
2025-11-10 20:47:04.399 [main] INFO  o.a.c.core.ContainerBase.[Tomcat].[localhost].[/]-Initializing Spring embedded WebApplicationContext
2025-11-10 20:47:04.400 [main] INFO  o.s.b.w.s.c.ServletWebServerApplicationContext-Root WebApplicationContext: initialization completed in 1865 ms
2025-11-10 20:47:05.695 [main] INFO  org.apache.coyote.http11.Http11NioProtocol-Starting ProtocolHandler ["http-nio-8080"]
2025-11-10 20:47:05.725 [main] INFO  o.s.boot.web.embedded.tomcat.TomcatWebServer-Tomcat started on port 8080 (http) with context path '/'
2025-11-10 20:47:05.742 [main] INFO  com.itheima.TilasWebManagementApplication-Started TilasWebManagementApplication in 3.925 seconds (process running for 5.165)
2025-11-10 20:47:20.094 [http-nio-8080-exec-2] INFO  o.a.c.core.ContainerBase.[Tomcat].[localhost].[/]-Initializing Spring DispatcherServlet 'dispatcherServlet'
2025-11-10 20:47:20.094 [http-nio-8080-exec-2] INFO  org.springframework.web.servlet.DispatcherServlet-Initializing Servlet 'dispatcherServlet'
2025-11-10 20:47:20.097 [http-nio-8080-exec-2] INFO  org.springframework.web.servlet.DispatcherServlet-Completed initialization in 3 ms
2025-11-10 20:48:29.303 [SpringApplicationShutdownHook] INFO  o.s.boot.web.embedded.tomcat.GracefulShutdown-Commencing graceful shutdown. Waiting for active requests to complete
2025-11-10 20:48:29.327 [tomcat-shutdown] INFO  o.s.boot.web.embedded.tomcat.GracefulShutdown-Graceful shutdown complete
2025-11-10 20:48:35.677 [main] INFO  com.itheima.TilasWebManagementApplication-Starting TilasWebManagementApplication using Java 23.0.1 with PID 8572 (C:\Users\16048\Documents\JAVA\web-ai-code\web-ai-project02\tilas-web-management\target\classes started by 16048 in C:\Users\16048\Documents\JAVA\web-ai-code\web-ai-project02\tilas-web-management)
2025-11-10 20:48:35.679 [main] INFO  com.itheima.TilasWebManagementApplication-No active profile set, falling back to 1 default profile: "default"
2025-11-10 20:48:37.563 [main] INFO  o.s.boot.web.embedded.tomcat.TomcatWebServer-Tomcat initialized with port 8080 (http)
2025-11-10 20:48:37.594 [main] INFO  org.apache.coyote.http11.Http11NioProtocol-Initializing ProtocolHandler ["http-nio-8080"]
2025-11-10 20:48:37.598 [main] INFO  org.apache.catalina.core.StandardService-Starting service [Tomcat]
2025-11-10 20:48:37.598 [main] INFO  org.apache.catalina.core.StandardEngine-Starting Servlet engine: [Apache Tomcat/10.1.48]
2025-11-10 20:48:37.688 [main] INFO  o.a.c.core.ContainerBase.[Tomcat].[localhost].[/]-Initializing Spring embedded WebApplicationContext
2025-11-10 20:48:37.688 [main] INFO  o.s.b.w.s.c.ServletWebServerApplicationContext-Root WebApplicationContext: initialization completed in 1910 ms
2025-11-10 20:48:39.051 [main] INFO  org.apache.coyote.http11.Http11NioProtocol-Starting ProtocolHandler ["http-nio-8080"]
2025-11-10 20:48:39.082 [main] INFO  o.s.boot.web.embedded.tomcat.TomcatWebServer-Tomcat started on port 8080 (http) with context path '/'
2025-11-10 20:48:39.092 [main] INFO  com.itheima.TilasWebManagementApplication-Started TilasWebManagementApplication in 4.162 seconds (process running for 5.396)
2025-11-10 20:48:55.342 [SpringApplicationShutdownHook] INFO  o.s.boot.web.embedded.tomcat.GracefulShutdown-Commencing graceful shutdown. Waiting for active requests to complete
2025-11-10 20:48:55.370 [tomcat-shutdown] INFO  o.s.boot.web.embedded.tomcat.GracefulShutdown-Graceful shutdown complete
